# JRE version: OpenJDK Runtime Environment Temurin-17.0.12+7 (17.0.12+7) (build 17.0.12+7)
# Java VM: OpenJDK 64-Bit Server VM Temurin-17.0.12+7 (17.0.12+7, mixed mode, tiered, compressed oops, compressed class ptrs, parallel gc, windows-amd64)
GC Precious Log:
 CPUs: 4 total, 4 available
 Memory: 7989M
 Large Page Support: Disabled
 NUMA Support: Disabled
 Compressed Oops: Enabled (32-bit)
 Alignments: Space 512K, Generation 512K, Heap 2M
 Heap Min Capacity: 100M
 Heap Initial Capacity: 100M
 Heap Max Capacity: 1G
 Pre-touch: Disabled
 Parallel Workers: 4
Heap:
 PSYoungGen      total 4608K, used 2949K [0x00000000eab00000, 0x00000000eb580000, 0x0000000100000000)
  eden space 4096K, 62% used [0x00000000eab00000,0x00000000ead817d8,0x00000000eaf00000)
  from space 512K, 75% used [0x00000000eb500000,0x00000000eb560020,0x00000000eb580000)
  to   space 2560K, 0% used [0x00000000eb080000,0x00000000eb080000,0x00000000eb300000)
 ParOldGen       total 198144K, used 159452K [0x00000000c0000000, 0x00000000cc180000, 0x00000000eab00000)
  object space 198144K, 80% used [0x00000000c0000000,0x00000000c9bb7078,0x00000000cc180000)
 Metaspace       used 84234K, committed 85440K, reserved 1179648K
  class space    used 8709K, committed 9216K, reserved 1048576K
GC Heap History (20 events):
Event: 3402.776 GC heap before
{Heap before GC invocations=574 (full 13):
 PSYoungGen      total 3072K, used 3072K [0x00000000eab00000, 0x00000000eb800000, 0x0000000100000000)
  eden space 512K, 100% used [0x00000000eab00000,0x00000000eab80000,0x00000000eab80000)
  from space 2560K, 100% used [0x00000000eb000000,0x00000000eb280000,0x00000000eb280000)
  to   space 4608K, 0% used [0x00000000eab80000,0x00000000eab80000,0x00000000eb000000)
 ParOldGen       total 198144K, used 143251K [0x00000000c0000000, 0x00000000cc180000, 0x00000000eab00000)
  object space 198144K, 72% used [0x00000000c0000000,0x00000000c8be4fd8,0x00000000cc180000)
 Metaspace       used 83811K, committed 85120K, reserved 1179648K
  class space    used 8648K, committed 9216K, reserved 1048576K
}
Event: 3402.785 GC heap after
{Heap after GC invocations=574 (full 13):
 PSYoungGen      total 1536K, used 544K [0x00000000eab00000, 0x00000000eb080000, 0x0000000100000000)
  eden space 512K, 0% used [0x00000000eab00000,0x00000000eab00000,0x00000000eab80000)
  from space 1024K, 53% used [0x00000000eab80000,0x00000000eac08000,0x00000000eac80000)
  to   space 2048K, 0% used [0x00000000eae80000,0x00000000eae80000,0x00000000eb080000)
 ParOldGen       total 198144K, used 145819K [0x00000000c0000000, 0x00000000cc180000, 0x00000000eab00000)
  object space 198144K, 73% used [0x00000000c0000000,0x00000000c8e66fd8,0x00000000cc180000)
 Metaspace       used 83811K, committed 85120K, reserved 1179648K
  class space    used 8648K, committed 9216K, reserved 1048576K
}
Event: 3402.786 GC heap before
{Heap before GC invocations=575 (full 13):
 PSYoungGen      total 1536K, used 1056K [0x00000000eab00000, 0x00000000eb080000, 0x0000000100000000)
  eden space 512K, 100% used [0x00000000eab00000,0x00000000eab80000,0x00000000eab80000)
  from space 1024K, 53% used [0x00000000eab80000,0x00000000eac08000,0x00000000eac80000)
  to   space 2048K, 0% used [0x00000000eae80000,0x00000000eae80000,0x00000000eb080000)
 ParOldGen       total 198144K, used 145819K [0x00000000c0000000, 0x00000000cc180000, 0x00000000eab00000)
  object space 198144K, 73% used [0x00000000c0000000,0x00000000c8e66fd8,0x00000000cc180000)
 Metaspace       used 83811K, committed 85120K, reserved 1179648K
  class space    used 8648K, committed 9216K, reserved 1048576K
}
Event: 3402.788 GC heap after
{Heap after GC invocations=575 (full 13):
 PSYoungGen      total 1536K, used 512K [0x00000000eab00000, 0x00000000eaf00000, 0x0000000100000000)
  eden space 1024K, 0% used [0x00000000eab00000,0x00000000eab00000,0x00000000eac00000)
  from space 512K, 100% used [0x00000000eae80000,0x00000000eaf00000,0x00000000eaf00000)
  to   space 1024K, 0% used [0x00000000ead00000,0x00000000ead00000,0x00000000eae00000)
 ParOldGen       total 198144K, used 146331K [0x00000000c0000000, 0x00000000cc180000, 0x00000000eab00000)
  object space 198144K, 73% used [0x00000000c0000000,0x00000000c8ee6fd8,0x00000000cc180000)
 Metaspace       used 83811K, committed 85120K, reserved 1179648K
  class space    used 8648K, committed 9216K, reserved 1048576K
}
Event: 3402.794 GC heap before
{Heap before GC invocations=576 (full 13):
 PSYoungGen      total 1536K, used 1536K [0x00000000eab00000, 0x00000000eaf00000, 0x0000000100000000)
  eden space 1024K, 100% used [0x00000000eab00000,0x00000000eac00000,0x00000000eac00000)
  from space 512K, 100% used [0x00000000eae80000,0x00000000eaf00000,0x00000000eaf00000)
  to   space 1024K, 0% used [0x00000000ead00000,0x00000000ead00000,0x00000000eae00000)
 ParOldGen       total 198144K, used 146331K [0x00000000c0000000, 0x00000000cc180000, 0x00000000eab00000)
  object space 198144K, 73% used [0x00000000c0000000,0x00000000c8ee6fd8,0x00000000cc180000)
 Metaspace       used 83812K, committed 85120K, reserved 1179648K
  class space    used 8648K, committed 9216K, reserved 1048576K
}
Event: 3402.796 GC heap after
{Heap after GC invocations=576 (full 13):
 PSYoungGen      total 2560K, used 960K [0x00000000eab00000, 0x00000000eaf80000, 0x0000000100000000)
  eden space 1536K, 0% used [0x00000000eab00000,0x00000000eab00000,0x00000000eac80000)
  from space 1024K, 93% used [0x00000000ead00000,0x00000000eadf0000,0x00000000eae00000)
  to   space 1536K, 0% used [0x00000000eae00000,0x00000000eae00000,0x00000000eaf80000)
 ParOldGen       total 198144K, used 146827K [0x00000000c0000000, 0x00000000cc180000, 0x00000000eab00000)
  object space 198144K, 74% used [0x00000000c0000000,0x00000000c8f62fd8,0x00000000cc180000)
 Metaspace       used 83812K, committed 85120K, reserved 1179648K
  class space    used 8648K, committed 9216K, reserved 1048576K
}
Event: 3402.802 GC heap before
{Heap before GC invocations=577 (full 13):
 PSYoungGen      total 2560K, used 2496K [0x00000000eab00000, 0x00000000eaf80000, 0x0000000100000000)
  eden space 1536K, 100% used [0x00000000eab00000,0x00000000eac80000,0x00000000eac80000)
  from space 1024K, 93% used [0x00000000ead00000,0x00000000eadf0000,0x00000000eae00000)
  to   space 1536K, 0% used [0x00000000eae00000,0x00000000eae00000,0x00000000eaf80000)
 ParOldGen       total 198144K, used 146827K [0x00000000c0000000, 0x00000000cc180000, 0x00000000eab00000)
  object space 198144K, 74% used [0x00000000c0000000,0x00000000c8f62fd8,0x00000000cc180000)
 Metaspace       used 83812K, committed 85120K, reserved 1179648K
  class space    used 8648K, committed 9216K, reserved 1048576K
}
Event: 3402.806 GC heap after
{Heap after GC invocations=577 (full 13):
 PSYoungGen      total 3072K, used 1018K [0x00000000eab00000, 0x00000000eb000000, 0x0000000100000000)
  eden space 1536K, 0% used [0x00000000eab00000,0x00000000eab00000,0x00000000eac80000)
  from space 1536K, 66% used [0x00000000eae00000,0x00000000eaefebe0,0x00000000eaf80000)
  to   space 1536K, 0% used [0x00000000eac80000,0x00000000eac80000,0x00000000eae00000)
 ParOldGen       total 198144K, used 147763K [0x00000000c0000000, 0x00000000cc180000, 0x00000000eab00000)
  object space 198144K, 74% used [0x00000000c0000000,0x00000000c904cfd8,0x00000000cc180000)
 Metaspace       used 83812K, committed 85120K, reserved 1179648K
  class space    used 8648K, committed 9216K, reserved 1048576K
}
Event: 3402.809 GC heap before
{Heap before GC invocations=578 (full 13):
 PSYoungGen      total 3072K, used 2554K [0x00000000eab00000, 0x00000000eb000000, 0x0000000100000000)
  eden space 1536K, 100% used [0x00000000eab00000,0x00000000eac80000,0x00000000eac80000)
  from space 1536K, 66% used [0x00000000eae00000,0x00000000eaefebe0,0x00000000eaf80000)
  to   space 1536K, 0% used [0x00000000eac80000,0x00000000eac80000,0x00000000eae00000)
 ParOldGen       total 198144K, used 147763K [0x00000000c0000000, 0x00000000cc180000, 0x00000000eab00000)
  object space 198144K, 74% used [0x00000000c0000000,0x00000000c904cfd8,0x00000000cc180000)
 Metaspace       used 83812K, committed 85120K, reserved 1179648K
  class space    used 8648K, committed 9216K, reserved 1048576K
}
Event: 3402.812 GC heap after
{Heap after GC invocations=578 (full 13):
 PSYoungGen      total 3072K, used 1536K [0x00000000eab00000, 0x00000000eb300000, 0x0000000100000000)
  eden space 1536K, 0% used [0x00000000eab00000,0x00000000eab00000,0x00000000eac80000)
  from space 1536K, 100% used [0x00000000eac80000,0x00000000eae00000,0x00000000eae00000)
  to   space 3072K, 0% used [0x00000000eb000000,0x00000000eb000000,0x00000000eb300000)
 ParOldGen       total 198144K, used 148753K [0x00000000c0000000, 0x00000000cc180000, 0x00000000eab00000)
  object space 198144K, 75% used [0x00000000c0000000,0x00000000c91444b8,0x00000000cc180000)
 Metaspace       used 83812K, committed 85120K, reserved 1179648K
  class space    used 8648K, committed 9216K, reserved 1048576K
}
Event: 3402.815 GC heap before
{Heap before GC invocations=579 (full 13):
 PSYoungGen      total 3072K, used 3072K [0x00000000eab00000, 0x00000000eb300000, 0x0000000100000000)
  eden space 1536K, 100% used [0x00000000eab00000,0x00000000eac80000,0x00000000eac80000)
  from space 1536K, 100% used [0x00000000eac80000,0x00000000eae00000,0x00000000eae00000)
  to   space 3072K, 0% used [0x00000000eb000000,0x00000000eb000000,0x00000000eb300000)
 ParOldGen       total 198144K, used 148753K [0x00000000c0000000, 0x00000000cc180000, 0x00000000eab00000)
  object space 198144K, 75% used [0x00000000c0000000,0x00000000c91444b8,0x00000000cc180000)
 Metaspace       used 83812K, committed 85120K, reserved 1179648K
  class space    used 8648K, committed 9216K, reserved 1048576K
}
Event: 3402.823 GC heap after
{Heap after GC invocations=579 (full 13):
 PSYoungGen      total 4096K, used 1600K [0x00000000eab00000, 0x00000000eb200000, 0x0000000100000000)
  eden space 2048K, 0% used [0x00000000eab00000,0x00000000eab00000,0x00000000ead00000)
  from space 2048K, 78% used [0x00000000eb000000,0x00000000eb190000,0x00000000eb200000)
  to   space 2048K, 0% used [0x00000000eae00000,0x00000000eae00000,0x00000000eb000000)
 ParOldGen       total 198144K, used 150281K [0x00000000c0000000, 0x00000000cc180000, 0x00000000eab00000)
  object space 198144K, 75% used [0x00000000c0000000,0x00000000c92c24b8,0x00000000cc180000)
 Metaspace       used 83812K, committed 85120K, reserved 1179648K
  class space    used 8648K, committed 9216K, reserved 1048576K
}
Event: 3402.828 GC heap before
{Heap before GC invocations=580 (full 13):
 PSYoungGen      total 4096K, used 3648K [0x00000000eab00000, 0x00000000eb200000, 0x0000000100000000)
  eden space 2048K, 100% used [0x00000000eab00000,0x00000000ead00000,0x00000000ead00000)
  from space 2048K, 78% used [0x00000000eb000000,0x00000000eb190000,0x00000000eb200000)
  to   space 2048K, 0% used [0x00000000eae00000,0x00000000eae00000,0x00000000eb000000)
 ParOldGen       total 198144K, used 150281K [0x00000000c0000000, 0x00000000cc180000, 0x00000000eab00000)
  object space 198144K, 75% used [0x00000000c0000000,0x00000000c92c24b8,0x00000000cc180000)
 Metaspace       used 83812K, committed 85120K, reserved 1179648K
  class space    used 8648K, committed 9216K, reserved 1048576K
}
Event: 3402.834 GC heap after
{Heap after GC invocations=580 (full 13):
 PSYoungGen      total 4608K, used 2048K [0x00000000eab00000, 0x00000000eb580000, 0x0000000100000000)
  eden space 2560K, 0% used [0x00000000eab00000,0x00000000eab00000,0x00000000ead80000)
  from space 2048K, 100% used [0x00000000eae00000,0x00000000eb000000,0x00000000eb000000)
  to   space 4096K, 0% used [0x00000000eb180000,0x00000000eb180000,0x00000000eb580000)
 ParOldGen       total 198144K, used 151841K [0x00000000c0000000, 0x00000000cc180000, 0x00000000eab00000)
  object space 198144K, 76% used [0x00000000c0000000,0x00000000c94484b8,0x00000000cc180000)
 Metaspace       used 83812K, committed 85120K, reserved 1179648K
  class space    used 8648K, committed 9216K, reserved 1048576K
}
Event: 3402.838 GC heap before
{Heap before GC invocations=581 (full 13):
 PSYoungGen      total 4608K, used 4608K [0x00000000eab00000, 0x00000000eb580000, 0x0000000100000000)
  eden space 2560K, 100% used [0x00000000eab00000,0x00000000ead80000,0x00000000ead80000)
  from space 2048K, 100% used [0x00000000eae00000,0x00000000eb000000,0x00000000eb000000)
  to   space 4096K, 0% used [0x00000000eb180000,0x00000000eb180000,0x00000000eb580000)
 ParOldGen       total 198144K, used 151841K [0x00000000c0000000, 0x00000000cc180000, 0x00000000eab00000)
  object space 198144K, 76% used [0x00000000c0000000,0x00000000c94484b8,0x00000000cc180000)
 Metaspace       used 83812K, committed 85120K, reserved 1179648K
  class space    used 8648K, committed 9216K, reserved 1048576K
}
Event: 3402.846 GC heap after
{Heap after GC invocations=581 (full 13):
 PSYoungGen      total 5632K, used 2522K [0x00000000eab00000, 0x00000000eb400000, 0x0000000100000000)
  eden space 3072K, 0% used [0x00000000eab00000,0x00000000eab00000,0x00000000eae00000)
  from space 2560K, 98% used [0x00000000eb180000,0x00000000eb3f6bc0,0x00000000eb400000)
  to   space 3072K, 0% used [0x00000000eae00000,0x00000000eae00000,0x00000000eb100000)
 ParOldGen       total 198144K, used 153873K [0x00000000c0000000, 0x00000000cc180000, 0x00000000eab00000)
  object space 198144K, 77% used [0x00000000c0000000,0x00000000c96444b8,0x00000000cc180000)
 Metaspace       used 83812K, committed 85120K, reserved 1179648K
  class space    used 8648K, committed 9216K, reserved 1048576K
}
Event: 3402.853 GC heap before
{Heap before GC invocations=582 (full 13):
 PSYoungGen      total 5632K, used 5594K [0x00000000eab00000, 0x00000000eb400000, 0x0000000100000000)
  eden space 3072K, 100% used [0x00000000eab00000,0x00000000eae00000,0x00000000eae00000)
  from space 2560K, 98% used [0x00000000eb180000,0x00000000eb3f6bc0,0x00000000eb400000)
  to   space 3072K, 0% used [0x00000000eae00000,0x00000000eae00000,0x00000000eb100000)
 ParOldGen       total 198144K, used 153873K [0x00000000c0000000, 0x00000000cc180000, 0x00000000eab00000)
  object space 198144K, 77% used [0x00000000c0000000,0x00000000c96444b8,0x00000000cc180000)
 Metaspace       used 83812K, committed 85120K, reserved 1179648K
  class space    used 8648K, committed 9216K, reserved 1048576K
}
Event: 3402.862 GC heap after
{Heap after GC invocations=582 (full 13):
 PSYoungGen      total 6144K, used 3072K [0x00000000eab00000, 0x00000000ebb00000, 0x0000000100000000)
  eden space 3072K, 0% used [0x00000000eab00000,0x00000000eab00000,0x00000000eae00000)
  from space 3072K, 100% used [0x00000000eae00000,0x00000000eb100000,0x00000000eb100000)
  to   space 6144K, 0% used [0x00000000eb500000,0x00000000eb500000,0x00000000ebb00000)
 ParOldGen       total 198144K, used 156388K [0x00000000c0000000, 0x00000000cc180000, 0x00000000eab00000)
  object space 198144K, 78% used [0x00000000c0000000,0x00000000c98b9078,0x00000000cc180000)
 Metaspace       used 83812K, committed 85120K, reserved 1179648K
  class space    used 8648K, committed 9216K, reserved 1048576K
}
Event: 3403.087 GC heap before
{Heap before GC invocations=583 (full 13):
 PSYoungGen      total 6144K, used 6144K [0x00000000eab00000, 0x00000000ebb00000, 0x0000000100000000)
  eden space 3072K, 100% used [0x00000000eab00000,0x00000000eae00000,0x00000000eae00000)
  from space 3072K, 100% used [0x00000000eae00000,0x00000000eb100000,0x00000000eb100000)
  to   space 6144K, 0% used [0x00000000eb500000,0x00000000eb500000,0x00000000ebb00000)
 ParOldGen       total 198144K, used 156388K [0x00000000c0000000, 0x00000000cc180000, 0x00000000eab00000)
  object space 198144K, 78% used [0x00000000c0000000,0x00000000c98b9078,0x00000000cc180000)
 Metaspace       used 84143K, committed 85376K, reserved 1179648K
  class space    used 8687K, committed 9216K, reserved 1048576K
}
Event: 3403.095 GC heap after
{Heap after GC invocations=583 (full 13):
 PSYoungGen      total 4608K, used 384K [0x00000000eab00000, 0x00000000eb580000, 0x0000000100000000)
  eden space 4096K, 0% used [0x00000000eab00000,0x00000000eab00000,0x00000000eaf00000)
  from space 512K, 75% used [0x00000000eb500000,0x00000000eb560020,0x00000000eb580000)
  to   space 2560K, 0% used [0x00000000eb080000,0x00000000eb080000,0x00000000eb300000)
 ParOldGen       total 198144K, used 159452K [0x00000000c0000000, 0x00000000cc180000, 0x00000000eab00000)
  object space 198144K, 80% used [0x00000000c0000000,0x00000000c9bb7078,0x00000000cc180000)
 Metaspace       used 84143K, committed 85376K, reserved 1179648K
  class space    used 8687K, committed 9216K, reserved 1048576K
}

